16:46:50:008 [ALWAYS]	GUDE Logging Started
16:46:50:009 [INFO]	SqliteResumeCache::SqliteResumeCache basedirectory is null/empty
16:46:50:009 [ERROR]	SqliteResumeCache::CreateSqliteResumeCache creating resume cache pointer failure
16:46:50:009 [ERROR]	Initialize resume cache pointer failure
16:46:50:009 [INFO]	gude policy POLICY_USER limit (2,2,1) chunk 2097152, chunking (UL 0 DL 1), resXfer 1, adapt 0, NSURL 0, timeout 86400 
16:46:50:009 [INFO]	Initialized -- gude-lib version: v0.12.1 app: gude
16:46:52:178 [WARN]	Ignoring attempt to reinit logging to \gude at level 4 retaining 3 days of logs
16:46:52:179 [INFO]	SqliteResumeCache::SqliteResumeCache basedirectory is null/empty
16:46:52:179 [ERROR]	SqliteResumeCache::CreateSqliteResumeCache creating resume cache pointer failure
16:46:52:179 [ERROR]	Initialize resume cache pointer failure
16:46:52:179 [INFO]	gude policy POLICY_USER limit (4,4,1) chunk 2097152, chunking (UL 0 DL 1), resXfer 1, adapt 0, NSURL 1, timeout 86400 
16:46:52:179 [INFO]	Initialized -- gude-lib version: v0.12.1 app: gude
16:48:35:728 [ALWAYS]	GUDE Logging Started
16:48:35:728 [INFO]	SqliteResumeCache::SqliteResumeCache basedirectory is null/empty
16:48:35:728 [ERROR]	SqliteResumeCache::CreateSqliteResumeCache creating resume cache pointer failure
16:48:35:728 [ERROR]	Initialize resume cache pointer failure
16:48:35:728 [INFO]	gude policy POLICY_USER limit (2,2,1) chunk 2097152, chunking (UL 0 DL 1), resXfer 1, adapt 0, NSURL 0, timeout 86400 
16:48:35:728 [INFO]	Initialized -- gude-lib version: v0.12.1 app: gude
16:48:36:935 [WARN]	Ignoring attempt to reinit logging to \gude at level 4 retaining 3 days of logs
16:48:36:935 [INFO]	SqliteResumeCache::SqliteResumeCache basedirectory is null/empty
16:48:36:935 [ERROR]	SqliteResumeCache::CreateSqliteResumeCache creating resume cache pointer failure
16:48:36:935 [ERROR]	Initialize resume cache pointer failure
16:48:36:936 [INFO]	gude policy POLICY_USER limit (4,4,1) chunk 2097152, chunking (UL 0 DL 1), resXfer 1, adapt 0, NSURL 1, timeout 86400 
16:48:36:936 [INFO]	Initialized -- gude-lib version: v0.12.1 app: gude
